  [1m[35m (143.8ms)[0m  [1m[35mCREATE DATABASE "mellow_stretch_app_development" ENCODING = 'unicode'[0m
  [1m[35m (52.7ms)[0m  [1m[35mCREATE DATABASE "mellow_stretch_app_test" ENCODING = 'unicode'[0m
  [1m[35m (2.6ms)[0m  [1m[35mCREATE TABLE "schema_migrations" ("version" character varying NOT NULL PRIMARY KEY)[0m
  [1m[35m (1.3ms)[0m  [1m[35mCREATE TABLE "ar_internal_metadata" ("key" character varying NOT NULL PRIMARY KEY, "value" character varying, "created_at" timestamp(6) NOT NULL, "updated_at" timestamp(6) NOT NULL)[0m
  [1m[35m (0.1ms)[0m  [1m[34mSELECT pg_try_advisory_lock(5321588654200831005)[0m
  [1m[36mActiveRecord::SchemaMigration Load (0.2ms)[0m  [1m[34mSELECT "schema_migrations"."version" FROM "schema_migrations" ORDER BY "schema_migrations"."version" ASC[0m
  [1m[36mActiveRecord::InternalMetadata Load (0.3ms)[0m  [1m[34mSELECT * FROM "ar_internal_metadata" WHERE "ar_internal_metadata"."key" = $1 ORDER BY "ar_internal_metadata"."key" ASC LIMIT 1[0m  [[nil, "environment"]]
  [1m[36mActiveRecord::InternalMetadata Create (0.2ms)[0m  [1m[32mINSERT INTO "ar_internal_metadata" ("key", "value", "created_at", "updated_at") VALUES ('environment', 'development', '2025-07-02 21:35:51.097562', '2025-07-02 21:35:51.097564') RETURNING "key"[0m
Migrating to CreateStretches (20250702213516)
  [1m[36mTRANSACTION (0.0ms)[0m  [1m[35mBEGIN[0m
  [1m[35m (1.7ms)[0m  [1m[35mCREATE TABLE "stretches" ("id" bigserial primary key, "name" character varying, "description" text, "category" character varying, "duration" integer, "difficulty" character varying, "created_at" timestamp(6) NOT NULL, "updated_at" timestamp(6) NOT NULL)[0m
  [1m[36mActiveRecord::SchemaMigration Create (0.1ms)[0m  [1m[32mINSERT INTO "schema_migrations" ("version") VALUES ('20250702213516') RETURNING "version"[0m
  [1m[36mTRANSACTION (0.1ms)[0m  [1m[35mCOMMIT[0m
Migrating to CreateBreathingExercises (20250702213519)
  [1m[36mTRANSACTION (0.1ms)[0m  [1m[35mBEGIN[0m
  [1m[35m (1.3ms)[0m  [1m[35mCREATE TABLE "breathing_exercises" ("id" bigserial primary key, "name" character varying, "description" text, "technique" character varying, "duration" integer, "benefit" character varying, "created_at" timestamp(6) NOT NULL, "updated_at" timestamp(6) NOT NULL)[0m
  [1m[36mActiveRecord::SchemaMigration Create (0.0ms)[0m  [1m[32mINSERT INTO "schema_migrations" ("version") VALUES ('20250702213519') RETURNING "version"[0m
  [1m[36mTRANSACTION (0.2ms)[0m  [1m[35mCOMMIT[0m
Migrating to CreateDailyMessages (20250702213531)
  [1m[36mTRANSACTION (0.2ms)[0m  [1m[35mBEGIN[0m
  [1m[35m (1.6ms)[0m  [1m[35mCREATE TABLE "daily_messages" ("id" bigserial primary key, "message" text, "category" character varying, "created_at" timestamp(6) NOT NULL, "updated_at" timestamp(6) NOT NULL)[0m
  [1m[36mActiveRecord::SchemaMigration Create (0.1ms)[0m  [1m[32mINSERT INTO "schema_migrations" ("version") VALUES ('20250702213531') RETURNING "version"[0m
  [1m[36mTRANSACTION (0.1ms)[0m  [1m[35mCOMMIT[0m
Migrating to CreateUserActivities (20250702213540)
  [1m[36mTRANSACTION (0.2ms)[0m  [1m[35mBEGIN[0m
  [1m[35m (18.5ms)[0m  [1m[35mCREATE TABLE "user_activities" ("id" bigserial primary key, "date" date, "activity_type" character varying, "activity_id" integer, "created_at" timestamp(6) NOT NULL, "updated_at" timestamp(6) NOT NULL)[0m
  [1m[36mActiveRecord::SchemaMigration Create (0.3ms)[0m  [1m[32mINSERT INTO "schema_migrations" ("version") VALUES ('20250702213540') RETURNING "version"[0m
  [1m[36mTRANSACTION (0.4ms)[0m  [1m[35mCOMMIT[0m
  [1m[35m (0.9ms)[0m  [1m[34mSELECT pg_advisory_unlock(5321588654200831005)[0m
  [1m[36mActiveRecord::SchemaMigration Load (0.5ms)[0m  [1m[34mSELECT "schema_migrations"."version" FROM "schema_migrations" ORDER BY "schema_migrations"."version" ASC[0m
  [1m[36mActiveRecord::SchemaMigration Load (0.8ms)[0m  [1m[34mSELECT "schema_migrations"."version" FROM "schema_migrations" ORDER BY "schema_migrations"."version" ASC[0m
  [1m[36mStretch Load (0.6ms)[0m  [1m[34mSELECT "stretches".* FROM "stretches" WHERE "stretches"."name" = $1 LIMIT $2[0m  [["name", "è‚©ã“ã‚Šè§£æ¶ˆè‚©å›ã—"], ["LIMIT", 1]]
  [1m[36mTRANSACTION (0.1ms)[0m  [1m[35mBEGIN[0m
  [1m[36mStretch Create (0.6ms)[0m  [1m[32mINSERT INTO "stretches" ("name", "description", "category", "duration", "difficulty", "created_at", "updated_at") VALUES ($1, $2, $3, $4, $5, $6, $7) RETURNING "id"[0m  [["name", "è‚©ã“ã‚Šè§£æ¶ˆè‚©å›ã—"], ["description", "ä¸¡è‚©ã‚’å¤§ããå›ã—ã¦ã€ä¸€æ—¥ã®ç–²ã‚Œã‚’ãƒªã‚»ãƒƒãƒˆã€‚ã‚†ã£ãã‚Šã¨10å›ãšã¤å‰å›ã—ã€å¾Œã‚å›ã—ã‚’ã—ã¾ã—ã‚‡ã†ã€‚"], ["category", "è‚©ãƒ»é¦–"], ["duration", 3], ["difficulty", "åˆç´š"], ["created_at", "2025-07-02 21:37:06.642090"], ["updated_at", "2025-07-02 21:37:06.642090"]]
  [1m[36mTRANSACTION (0.3ms)[0m  [1m[35mCOMMIT[0m
  [1m[36mStretch Load (0.1ms)[0m  [1m[34mSELECT "stretches".* FROM "stretches" WHERE "stretches"."name" = $1 LIMIT $2[0m  [["name", "ãŠè…¹ã²ã­ã‚Šã‚¹ãƒˆãƒ¬ãƒƒãƒ"], ["LIMIT", 1]]
  [1m[36mTRANSACTION (0.0ms)[0m  [1m[35mBEGIN[0m
  [1m[36mStretch Create (0.5ms)[0m  [1m[32mINSERT INTO "stretches" ("name", "description", "category", "duration", "difficulty", "created_at", "updated_at") VALUES ($1, $2, $3, $4, $5, $6, $7) RETURNING "id"[0m  [["name", "ãŠè…¹ã²ã­ã‚Šã‚¹ãƒˆãƒ¬ãƒƒãƒ"], ["description", "åº§ã£ãŸã¾ã¾ã€ä¸ŠåŠèº«ã‚’å·¦å³ã«ã²ã­ã£ã¦ã‚¦ã‚¨ã‚¹ãƒˆã‚’ã™ã£ãã‚Šã€‚å‘¼å¸ã‚’æ„è­˜ã—ãªãŒã‚‰ã‚†ã£ãã‚Šã¨ã€‚"], ["category", "ã‚¦ã‚¨ã‚¹ãƒˆ"], ["duration", 2], ["difficulty", "åˆç´š"], ["created_at", "2025-07-02 21:37:06.644380"], ["updated_at", "2025-07-02 21:37:06.644380"]]
  [1m[36mTRANSACTION (0.2ms)[0m  [1m[35mCOMMIT[0m
  [1m[36mStretch Load (0.1ms)[0m  [1m[34mSELECT "stretches".* FROM "stretches" WHERE "stretches"."name" = $1 LIMIT $2[0m  [["name", "å¯èµ·ãã®å¤ªé™½ç¤¼æ‹ï¼ˆç°¡æ˜“ï¼‰"], ["LIMIT", 1]]
  [1m[36mTRANSACTION (0.0ms)[0m  [1m[35mBEGIN[0m
  [1m[36mStretch Create (0.4ms)[0m  [1m[32mINSERT INTO "stretches" ("name", "description", "category", "duration", "difficulty", "created_at", "updated_at") VALUES ($1, $2, $3, $4, $5, $6, $7) RETURNING "id"[0m  [["name", "å¯èµ·ãã®å¤ªé™½ç¤¼æ‹ï¼ˆç°¡æ˜“ï¼‰"], ["description", "æœã®å¤ªé™½ã«å‘ã‹ã£ã¦æ‰‹ã‚’åˆã‚ã›ã€å…¨èº«ã‚’ä¼¸ã°ã—ã¦ä¸€æ—¥ã®ã‚¨ãƒãƒ«ã‚®ãƒ¼ã‚’ãƒãƒ£ãƒ¼ã‚¸ã€‚"], ["category", "å…¨èº«"], ["duration", 5], ["difficulty", "åˆç´š"], ["created_at", "2025-07-02 21:37:06.645821"], ["updated_at", "2025-07-02 21:37:06.645821"]]
  [1m[36mTRANSACTION (0.1ms)[0m  [1m[35mCOMMIT[0m
  [1m[36mStretch Load (0.1ms)[0m  [1m[34mSELECT "stretches".* FROM "stretches" WHERE "stretches"."name" = $1 LIMIT $2[0m  [["name", "è¶³é¦–ã¾ã‚ã—"], ["LIMIT", 1]]
  [1m[36mTRANSACTION (0.0ms)[0m  [1m[35mBEGIN[0m
  [1m[36mStretch Create (0.4ms)[0m  [1m[32mINSERT INTO "stretches" ("name", "description", "category", "duration", "difficulty", "created_at", "updated_at") VALUES ($1, $2, $3, $4, $5, $6, $7) RETURNING "id"[0m  [["name", "è¶³é¦–ã¾ã‚ã—"], ["description", "åº§ã£ãŸã¾ã¾è¶³é¦–ã‚’ã‚†ã£ãã‚Šå›ã—ã¦ã€ã‚€ãã¿ã‚’è§£æ¶ˆã€‚å·¦å³ãã‚Œãã‚Œ10å›ãšã¤ã€‚"], ["category", "è¶³"], ["duration", 2], ["difficulty", "åˆç´š"], ["created_at", "2025-07-02 21:37:06.647259"], ["updated_at", "2025-07-02 21:37:06.647259"]]
  [1m[36mTRANSACTION (0.2ms)[0m  [1m[35mCOMMIT[0m
  [1m[36mStretch Load (0.1ms)[0m  [1m[34mSELECT "stretches".* FROM "stretches" WHERE "stretches"."name" = $1 LIMIT $2[0m  [["name", "å£ã‚’ä½¿ã£ãŸèƒŒç­‹ã‚¹ãƒˆãƒ¬ãƒƒãƒ"], ["LIMIT", 1]]
  [1m[36mTRANSACTION (0.0ms)[0m  [1m[35mBEGIN[0m
  [1m[36mStretch Create (0.5ms)[0m  [1m[32mINSERT INTO "stretches" ("name", "description", "category", "duration", "difficulty", "created_at", "updated_at") VALUES ($1, $2, $3, $4, $5, $6, $7) RETURNING "id"[0m  [["name", "å£ã‚’ä½¿ã£ãŸèƒŒç­‹ã‚¹ãƒˆãƒ¬ãƒƒãƒ"], ["description", "å£ã«æ‰‹ã‚’ã¤ã„ã¦ã€èƒŒä¸­ã‚’ä¼¸ã°ã—ã¦å§¿å‹¢ã‚’æ•´ãˆã‚‹ã€‚ç¾ã—ã„èƒŒç­‹ãƒ©ã‚¤ãƒ³ã‚’ä½œã‚Šã¾ã—ã‚‡ã†ã€‚"], ["category", "èƒŒä¸­"], ["duration", 3], ["difficulty", "åˆç´š"], ["created_at", "2025-07-02 21:37:06.648745"], ["updated_at", "2025-07-02 21:37:06.648745"]]
  [1m[36mTRANSACTION (0.4ms)[0m  [1m[35mCOMMIT[0m
  [1m[36mStretch Load (0.1ms)[0m  [1m[34mSELECT "stretches".* FROM "stretches" WHERE "stretches"."name" = $1 LIMIT $2[0m  [["name", "çŒ«ã®ãƒãƒ¼ã‚º"], ["LIMIT", 1]]
  [1m[36mTRANSACTION (0.0ms)[0m  [1m[35mBEGIN[0m
  [1m[36mStretch Create (0.4ms)[0m  [1m[32mINSERT INTO "stretches" ("name", "description", "category", "duration", "difficulty", "created_at", "updated_at") VALUES ($1, $2, $3, $4, $5, $6, $7) RETURNING "id"[0m  [["name", "çŒ«ã®ãƒãƒ¼ã‚º"], ["description", "å››ã¤ã‚“é€™ã„ã«ãªã£ã¦ã€èƒŒä¸­ã‚’ä¸¸ã‚ãŸã‚Šåã‚‰ã—ãŸã‚Šã€‚èƒŒéª¨ã‚’æŸ”ã‚‰ã‹ãã—ã¾ã™ã€‚"], ["category", "èƒŒä¸­"], ["duration", 2], ["difficulty", "åˆç´š"], ["created_at", "2025-07-02 21:37:06.650511"], ["updated_at", "2025-07-02 21:37:06.650511"]]
  [1m[36mTRANSACTION (0.2ms)[0m  [1m[35mCOMMIT[0m
  [1m[36mStretch Load (0.1ms)[0m  [1m[34mSELECT "stretches".* FROM "stretches" WHERE "stretches"."name" = $1 LIMIT $2[0m  [["name", "è…°å›ã—"], ["LIMIT", 1]]
  [1m[36mTRANSACTION (0.0ms)[0m  [1m[35mBEGIN[0m
  [1m[36mStretch Create (0.5ms)[0m  [1m[32mINSERT INTO "stretches" ("name", "description", "category", "duration", "difficulty", "created_at", "updated_at") VALUES ($1, $2, $3, $4, $5, $6, $7) RETURNING "id"[0m  [["name", "è…°å›ã—"], ["description", "ç«‹ã£ãŸã¾ã¾è…°ã‚’ã‚†ã£ãã‚Šå›ã—ã¦ã€éª¨ç›¤ã®å‹•ãã‚’ã‚¹ãƒ ãƒ¼ã‚ºã«ã€‚å·¦å³ãã‚Œãã‚Œ5å›ãšã¤ã€‚"], ["category", "è…°"], ["duration", 3], ["difficulty", "åˆç´š"], ["created_at", "2025-07-02 21:37:06.651867"], ["updated_at", "2025-07-02 21:37:06.651867"]]
  [1m[36mTRANSACTION (0.1ms)[0m  [1m[35mCOMMIT[0m
  [1m[36mStretch Load (0.1ms)[0m  [1m[34mSELECT "stretches".* FROM "stretches" WHERE "stretches"."name" = $1 LIMIT $2[0m  [["name", "è…•ä¼¸ã°ã—"], ["LIMIT", 1]]
  [1m[36mTRANSACTION (0.0ms)[0m  [1m[35mBEGIN[0m
  [1m[36mStretch Create (0.4ms)[0m  [1m[32mINSERT INTO "stretches" ("name", "description", "category", "duration", "difficulty", "created_at", "updated_at") VALUES ($1, $2, $3, $4, $5, $6, $7) RETURNING "id"[0m  [["name", "è…•ä¼¸ã°ã—"], ["description", "ä¸¡è…•ã‚’ä¸Šã«ä¼¸ã°ã—ã¦ã€ä½“å´ã‚‚ä¸€ç·’ã«ä¼¸ã°ã™ã€‚ã™ã£ãã‚Šã¨ã—ãŸä¸ŠåŠèº«ã‚’ä½œã‚Šã¾ã—ã‚‡ã†ã€‚"], ["category", "è…•ãƒ»èƒ¸"], ["duration", 2], ["difficulty", "åˆç´š"], ["created_at", "2025-07-02 21:37:06.653261"], ["updated_at", "2025-07-02 21:37:06.653261"]]
  [1m[36mTRANSACTION (0.1ms)[0m  [1m[35mCOMMIT[0m
  [1m[36mStretch Load (0.0ms)[0m  [1m[34mSELECT "stretches".* FROM "stretches" WHERE "stretches"."name" = $1 LIMIT $2[0m  [["name", "é¦–å›ã—"], ["LIMIT", 1]]
  [1m[36mTRANSACTION (0.0ms)[0m  [1m[35mBEGIN[0m
  [1m[36mStretch Create (0.4ms)[0m  [1m[32mINSERT INTO "stretches" ("name", "description", "category", "duration", "difficulty", "created_at", "updated_at") VALUES ($1, $2, $3, $4, $5, $6, $7) RETURNING "id"[0m  [["name", "é¦–å›ã—"], ["description", "é¦–ã‚’ã‚†ã£ãã‚Šå›ã—ã¦ã€ç·Šå¼µã‚’ã»ãã™ã€‚æœã®ç›®è¦šã‚ã‚’ã‚¹ãƒƒã‚­ãƒªã•ã›ã¾ã™ã€‚"], ["category", "é¦–"], ["duration", 2], ["difficulty", "åˆç´š"], ["created_at", "2025-07-02 21:37:06.654605"], ["updated_at", "2025-07-02 21:37:06.654605"]]
  [1m[36mTRANSACTION (0.1ms)[0m  [1m[35mCOMMIT[0m
  [1m[36mStretch Load (0.0ms)[0m  [1m[34mSELECT "stretches".* FROM "stretches" WHERE "stretches"."name" = $1 LIMIT $2[0m  [["name", "æ·±å‘¼å¸ã‚¹ãƒˆãƒ¬ãƒƒãƒ"], ["LIMIT", 1]]
  [1m[36mTRANSACTION (0.1ms)[0m  [1m[35mBEGIN[0m
  [1m[36mStretch Create (0.5ms)[0m  [1m[32mINSERT INTO "stretches" ("name", "description", "category", "duration", "difficulty", "created_at", "updated_at") VALUES ($1, $2, $3, $4, $5, $6, $7) RETURNING "id"[0m  [["name", "æ·±å‘¼å¸ã‚¹ãƒˆãƒ¬ãƒƒãƒ"], ["description", "å¤§ããæ¯ã‚’å¸ã„ãªãŒã‚‰è…•ã‚’ä¸Šã’ã€åããªãŒã‚‰ä¸‹ã‚ã™ã€‚å¿ƒã‚‚ä½“ã‚‚ãƒªãƒ•ãƒ¬ãƒƒã‚·ãƒ¥ã€‚"], ["category", "å…¨èº«"], ["duration", 3], ["difficulty", "åˆç´š"], ["created_at", "2025-07-02 21:37:06.655932"], ["updated_at", "2025-07-02 21:37:06.655932"]]
  [1m[36mTRANSACTION (0.1ms)[0m  [1m[35mCOMMIT[0m
  [1m[36mBreathingExercise Load (0.5ms)[0m  [1m[34mSELECT "breathing_exercises".* FROM "breathing_exercises" WHERE "breathing_exercises"."name" = $1 LIMIT $2[0m  [["name", "è…¹å¼å‘¼å¸ï¼ˆ4-4-4ï¼‰"], ["LIMIT", 1]]
  [1m[36mTRANSACTION (0.1ms)[0m  [1m[35mBEGIN[0m
  [1m[36mBreathingExercise Create (0.5ms)[0m  [1m[32mINSERT INTO "breathing_exercises" ("name", "description", "technique", "duration", "benefit", "created_at", "updated_at") VALUES ($1, $2, $3, $4, $5, $6, $7) RETURNING "id"[0m  [["name", "è…¹å¼å‘¼å¸ï¼ˆ4-4-4ï¼‰"], ["description", "4ç§’ã‹ã‘ã¦æ¯ã‚’å¸ã„ã€4ç§’æ­¢ã‚ã¦ã€4ç§’ã‹ã‘ã¦åãã€‚å¿ƒã‚’è½ã¡ç€ã‹ã›ã‚‹åŸºæœ¬ã®å‘¼å¸æ³•ã€‚"], ["technique", "4-4-4å‘¼å¸æ³•"], ["duration", 3], ["benefit", "ãƒªãƒ©ãƒƒã‚¯ã‚¹åŠ¹æœ"], ["created_at", "2025-07-02 21:37:06.666097"], ["updated_at", "2025-07-02 21:37:06.666097"]]
  [1m[36mTRANSACTION (0.2ms)[0m  [1m[35mCOMMIT[0m
  [1m[36mBreathingExercise Load (0.1ms)[0m  [1m[34mSELECT "breathing_exercises".* FROM "breathing_exercises" WHERE "breathing_exercises"."name" = $1 LIMIT $2[0m  [["name", "é¼»å‘¼å¸ã ã‘ã§ãƒªãƒ©ãƒƒã‚¯ã‚¹"], ["LIMIT", 1]]
  [1m[36mTRANSACTION (0.0ms)[0m  [1m[35mBEGIN[0m
  [1m[36mBreathingExercise Create (0.5ms)[0m  [1m[32mINSERT INTO "breathing_exercises" ("name", "description", "technique", "duration", "benefit", "created_at", "updated_at") VALUES ($1, $2, $3, $4, $5, $6, $7) RETURNING "id"[0m  [["name", "é¼»å‘¼å¸ã ã‘ã§ãƒªãƒ©ãƒƒã‚¯ã‚¹"], ["description", "å£ã‚’é–‰ã˜ã¦é¼»ã ã‘ã§å‘¼å¸ã€‚ã‚†ã£ãã‚Šã¨æ·±ãã€å¿ƒã‚’é™ã‚ã‚‹å‘¼å¸ã‚’æ„è­˜ã—ã¾ã—ã‚‡ã†ã€‚"], ["technique", "é¼»å‘¼å¸"], ["duration", 2], ["benefit", "é›†ä¸­åŠ›å‘ä¸Š"], ["created_at", "2025-07-02 21:37:06.668199"], ["updated_at", "2025-07-02 21:37:06.668199"]]
  [1m[36mTRANSACTION (0.2ms)[0m  [1m[35mCOMMIT[0m
  [1m[36mBreathingExercise Load (0.1ms)[0m  [1m[34mSELECT "breathing_exercises".* FROM "breathing_exercises" WHERE "breathing_exercises"."name" = $1 LIMIT $2[0m  [["name", "å£ã‚’ã™ã¼ã‚ã¦ç´°ãé•·ãåãå‘¼å¸"], ["LIMIT", 1]]
  [1m[36mTRANSACTION (0.1ms)[0m  [1m[35mBEGIN[0m
  [1m[36mBreathingExercise Create (0.5ms)[0m  [1m[32mINSERT INTO "breathing_exercises" ("name", "description", "technique", "duration", "benefit", "created_at", "updated_at") VALUES ($1, $2, $3, $4, $5, $6, $7) RETURNING "id"[0m  [["name", "å£ã‚’ã™ã¼ã‚ã¦ç´°ãé•·ãåãå‘¼å¸"], ["description", "å£ã‚’ã™ã¼ã‚ã¦ã€ã‚ã†ããã®ç«ã‚’æ¶ˆã™ã‚ˆã†ã«ç´°ãé•·ãæ¯ã‚’åãã€‚è‚ºã‚’ã—ã£ã‹ã‚Šã¨ç©ºã«ã—ã¾ã™ã€‚"], ["technique", "å£ã™ã¼ã‚å‘¼å¸"], ["duration", 2], ["benefit", "è‚ºæ©Ÿèƒ½å‘ä¸Š"], ["created_at", "2025-07-02 21:37:06.669969"], ["updated_at", "2025-07-02 21:37:06.669969"]]
  [1m[36mTRANSACTION (0.2ms)[0m  [1m[35mCOMMIT[0m
  [1m[36mBreathingExercise Load (0.1ms)[0m  [1m[34mSELECT "breathing_exercises".* FROM "breathing_exercises" WHERE "breathing_exercises"."name" = $1 LIMIT $2[0m  [["name", "1åˆ†ãƒã‚¤ãƒ³ãƒ‰ãƒ•ãƒ«ãƒã‚¹å‘¼å¸"], ["LIMIT", 1]]
  [1m[36mTRANSACTION (0.0ms)[0m  [1m[35mBEGIN[0m
  [1m[36mBreathingExercise Create (0.4ms)[0m  [1m[32mINSERT INTO "breathing_exercises" ("name", "description", "technique", "duration", "benefit", "created_at", "updated_at") VALUES ($1, $2, $3, $4, $5, $6, $7) RETURNING "id"[0m  [["name", "1åˆ†ãƒã‚¤ãƒ³ãƒ‰ãƒ•ãƒ«ãƒã‚¹å‘¼å¸"], ["description", "å‘¼å¸ã«æ„è­˜ã‚’å‘ã‘ã¦ã€ä»Šã“ã®ç¬é–“ã«é›†ä¸­ã€‚å¿ƒã®é›‘å¿µã‚’æ‰‹æ”¾ã—ã¾ã—ã‚‡ã†ã€‚"], ["technique", "ãƒã‚¤ãƒ³ãƒ‰ãƒ•ãƒ«ãƒã‚¹"], ["duration", 1], ["benefit", "ã‚¹ãƒˆãƒ¬ã‚¹è»½æ¸›"], ["created_at", "2025-07-02 21:37:06.671624"], ["updated_at", "2025-07-02 21:37:06.671624"]]
  [1m[36mTRANSACTION (0.1ms)[0m  [1m[35mCOMMIT[0m
  [1m[36mBreathingExercise Load (0.2ms)[0m  [1m[34mSELECT "breathing_exercises".* FROM "breathing_exercises" WHERE "breathing_exercises"."name" = $1 LIMIT $2[0m  [["name", "æœã®æ´»åŠ›å‘¼å¸"], ["LIMIT", 1]]
  [1m[36mTRANSACTION (0.1ms)[0m  [1m[35mBEGIN[0m
  [1m[36mBreathingExercise Create (0.6ms)[0m  [1m[32mINSERT INTO "breathing_exercises" ("name", "description", "technique", "duration", "benefit", "created_at", "updated_at") VALUES ($1, $2, $3, $4, $5, $6, $7) RETURNING "id"[0m  [["name", "æœã®æ´»åŠ›å‘¼å¸"], ["description", "æœæ—¥ã‚’æµ´ã³ãªãŒã‚‰ã€å¤§ããæ¯ã‚’å¸ã£ã¦æ–°ã—ã„ä¸€æ—¥ã®ã‚¨ãƒãƒ«ã‚®ãƒ¼ã‚’ãƒãƒ£ãƒ¼ã‚¸ã€‚"], ["technique", "æœæ´»å‘¼å¸"], ["duration", 3], ["benefit", "æ´»åŠ›å‘ä¸Š"], ["created_at", "2025-07-02 21:37:06.673099"], ["updated_at", "2025-07-02 21:37:06.673099"]]
  [1m[36mTRANSACTION (0.2ms)[0m  [1m[35mCOMMIT[0m
  [1m[36mBreathingExercise Load (0.1ms)[0m  [1m[34mSELECT "breathing_exercises".* FROM "breathing_exercises" WHERE "breathing_exercises"."name" = $1 LIMIT $2[0m  [["name", "ç¾è‚Œå‘¼å¸"], ["LIMIT", 1]]
  [1m[36mTRANSACTION (0.1ms)[0m  [1m[35mBEGIN[0m
  [1m[36mBreathingExercise Create (0.6ms)[0m  [1m[32mINSERT INTO "breathing_exercises" ("name", "description", "technique", "duration", "benefit", "created_at", "updated_at") VALUES ($1, $2, $3, $4, $5, $6, $7) RETURNING "id"[0m  [["name", "ç¾è‚Œå‘¼å¸"], ["description", "é¡”ã®ç­‹è‚‰ã‚’ãƒªãƒ©ãƒƒã‚¯ã‚¹ã•ã›ãªãŒã‚‰ã€ç¾ã—ã•ã‚’å†…å´ã‹ã‚‰è‚²ã¦ã‚‹å‘¼å¸æ³•ã€‚"], ["technique", "ç¾è‚Œå‘¼å¸"], ["duration", 2], ["benefit", "ç¾å®¹åŠ¹æœ"], ["created_at", "2025-07-02 21:37:06.674746"], ["updated_at", "2025-07-02 21:37:06.674746"]]
  [1m[36mTRANSACTION (0.1ms)[0m  [1m[35mCOMMIT[0m
  [1m[36mBreathingExercise Load (0.1ms)[0m  [1m[34mSELECT "breathing_exercises".* FROM "breathing_exercises" WHERE "breathing_exercises"."name" = $1 LIMIT $2[0m  [["name", "è‚©ã®åŠ›ã‚’æŠœãå‘¼å¸"], ["LIMIT", 1]]
  [1m[36mTRANSACTION (0.0ms)[0m  [1m[35mBEGIN[0m
  [1m[36mBreathingExercise Create (0.4ms)[0m  [1m[32mINSERT INTO "breathing_exercises" ("name", "description", "technique", "duration", "benefit", "created_at", "updated_at") VALUES ($1, $2, $3, $4, $5, $6, $7) RETURNING "id"[0m  [["name", "è‚©ã®åŠ›ã‚’æŠœãå‘¼å¸"], ["description", "è‚©ã®åŠ›ã‚’æŠœã„ã¦ã€ç·Šå¼µã‚’ã»ãã™å‘¼å¸ã€‚ä¸€æ—¥ã®ç–²ã‚Œã‚’ãƒªã‚»ãƒƒãƒˆã—ã¾ã™ã€‚"], ["technique", "è„±åŠ›å‘¼å¸"], ["duration", 2], ["benefit", "ç·Šå¼µç·©å’Œ"], ["created_at", "2025-07-02 21:37:06.676325"], ["updated_at", "2025-07-02 21:37:06.676325"]]
  [1m[36mTRANSACTION (0.2ms)[0m  [1m[35mCOMMIT[0m
  [1m[36mBreathingExercise Load (0.1ms)[0m  [1m[34mSELECT "breathing_exercises".* FROM "breathing_exercises" WHERE "breathing_exercises"."name" = $1 LIMIT $2[0m  [["name", "å¿ƒã®ãƒãƒ©ãƒ³ã‚¹å‘¼å¸"], ["LIMIT", 1]]
  [1m[36mTRANSACTION (0.1ms)[0m  [1m[35mBEGIN[0m
  [1m[36mBreathingExercise Create (0.4ms)[0m  [1m[32mINSERT INTO "breathing_exercises" ("name", "description", "technique", "duration", "benefit", "created_at", "updated_at") VALUES ($1, $2, $3, $4, $5, $6, $7) RETURNING "id"[0m  [["name", "å¿ƒã®ãƒãƒ©ãƒ³ã‚¹å‘¼å¸"], ["description", "å·¦å³ã®é¼»ã®ç©´ã‚’äº¤äº’ã«ä½¿ã£ã¦ã€å¿ƒèº«ã®ãƒãƒ©ãƒ³ã‚¹ã‚’æ•´ãˆã‚‹å‘¼å¸æ³•ã€‚"], ["technique", "äº¤ä»£é¼»å‘¼å¸"], ["duration", 3], ["benefit", "ãƒãƒ©ãƒ³ã‚¹èª¿æ•´"], ["created_at", "2025-07-02 21:37:06.677878"], ["updated_at", "2025-07-02 21:37:06.677878"]]
  [1m[36mTRANSACTION (0.2ms)[0m  [1m[35mCOMMIT[0m
  [1m[36mBreathingExercise Load (0.1ms)[0m  [1m[34mSELECT "breathing_exercises".* FROM "breathing_exercises" WHERE "breathing_exercises"."name" = $1 LIMIT $2[0m  [["name", "æ„Ÿè¬ã®å‘¼å¸"], ["LIMIT", 1]]
  [1m[36mTRANSACTION (0.1ms)[0m  [1m[35mBEGIN[0m
  [1m[36mBreathingExercise Create (0.4ms)[0m  [1m[32mINSERT INTO "breathing_exercises" ("name", "description", "technique", "duration", "benefit", "created_at", "updated_at") VALUES ($1, $2, $3, $4, $5, $6, $7) RETURNING "id"[0m  [["name", "æ„Ÿè¬ã®å‘¼å¸"], ["description", "æ„Ÿè¬ã®æ°—æŒã¡ã‚’è¾¼ã‚ã¦å‘¼å¸ã€‚å¿ƒãŒæ¸©ã‹ããªã‚‹å‘¼å¸æ³•ã§ã™ã€‚"], ["technique", "æ„Ÿè¬å‘¼å¸"], ["duration", 2], ["benefit", "å¿ƒã®å®‰å®š"], ["created_at", "2025-07-02 21:37:06.679407"], ["updated_at", "2025-07-02 21:37:06.679407"]]
  [1m[36mTRANSACTION (0.1ms)[0m  [1m[35mCOMMIT[0m
  [1m[36mBreathingExercise Load (0.0ms)[0m  [1m[34mSELECT "breathing_exercises".* FROM "breathing_exercises" WHERE "breathing_exercises"."name" = $1 LIMIT $2[0m  [["name", "å¤œã®å®‰ã‚‰ãå‘¼å¸"], ["LIMIT", 1]]
  [1m[36mTRANSACTION (0.1ms)[0m  [1m[35mBEGIN[0m
  [1m[36mBreathingExercise Create (0.4ms)[0m  [1m[32mINSERT INTO "breathing_exercises" ("name", "description", "technique", "duration", "benefit", "created_at", "updated_at") VALUES ($1, $2, $3, $4, $5, $6, $7) RETURNING "id"[0m  [["name", "å¤œã®å®‰ã‚‰ãå‘¼å¸"], ["description", "ä¸€æ—¥ã®çµ‚ã‚ã‚Šã«ã€å¿ƒã‚’è½ã¡ç€ã‹ã›ã‚‹æ·±ã„å‘¼å¸ã€‚å®‰ã‚‰ã‹ãªçœ ã‚Šã‚’èª˜ã„ã¾ã™ã€‚"], ["technique", "å®‰ã‚‰ãå‘¼å¸"], ["duration", 3], ["benefit", "å®‰çœ åŠ¹æœ"], ["created_at", "2025-07-02 21:37:06.680919"], ["updated_at", "2025-07-02 21:37:06.680919"]]
  [1m[36mTRANSACTION (0.1ms)[0m  [1m[35mCOMMIT[0m
  [1m[36mDailyMessage Load (0.4ms)[0m  [1m[34mSELECT "daily_messages".* FROM "daily_messages" WHERE "daily_messages"."message" = $1 LIMIT $2[0m  [["message", "ç¾ã¯1æ—¥ã«ã—ã¦æˆã‚‰ãšã€‚ä»Šæ—¥ã‚‚ä¸€æ­©ãšã¤ã€ç¾ã—ã„è‡ªåˆ†ã«å‘ã‹ã£ã¦ã€‚"], ["LIMIT", 1]]
  [1m[36mTRANSACTION (0.0ms)[0m  [1m[35mBEGIN[0m
  [1m[36mDailyMessage Create (0.2ms)[0m  [1m[32mINSERT INTO "daily_messages" ("message", "category", "created_at", "updated_at") VALUES ($1, $2, $3, $4) RETURNING "id"[0m  [["message", "ç¾ã¯1æ—¥ã«ã—ã¦æˆã‚‰ãšã€‚ä»Šæ—¥ã‚‚ä¸€æ­©ãšã¤ã€ç¾ã—ã„è‡ªåˆ†ã«å‘ã‹ã£ã¦ã€‚"], ["category", "å¿œæ´"], ["created_at", "2025-07-02 21:37:06.688609"], ["updated_at", "2025-07-02 21:37:06.688609"]]
  [1m[36mTRANSACTION (0.1ms)[0m  [1m[35mCOMMIT[0m
  [1m[36mDailyMessage Load (0.1ms)[0m  [1m[34mSELECT "daily_messages".* FROM "daily_messages" WHERE "daily_messages"."message" = $1 LIMIT $2[0m  [["message", "æœã®5åˆ†ãŒã€ã‚ãªãŸã®ä¸€æ—¥ã‚’å¤‰ãˆã‚‹ã€‚ä»Šæ—¥ã‚‚ç´ æ•µãªä¸€æ—¥ã‚’ã€‚"], ["LIMIT", 1]]
  [1m[36mTRANSACTION (0.0ms)[0m  [1m[35mBEGIN[0m
  [1m[36mDailyMessage Create (0.7ms)[0m  [1m[32mINSERT INTO "daily_messages" ("message", "category", "created_at", "updated_at") VALUES ($1, $2, $3, $4) RETURNING "id"[0m  [["message", "æœã®5åˆ†ãŒã€ã‚ãªãŸã®ä¸€æ—¥ã‚’å¤‰ãˆã‚‹ã€‚ä»Šæ—¥ã‚‚ç´ æ•µãªä¸€æ—¥ã‚’ã€‚"], ["category", "åŠ±ã¾ã—"], ["created_at", "2025-07-02 21:37:06.690391"], ["updated_at", "2025-07-02 21:37:06.690391"]]
  [1m[36mTRANSACTION (0.2ms)[0m  [1m[35mCOMMIT[0m
  [1m[36mDailyMessage Load (0.2ms)[0m  [1m[34mSELECT "daily_messages".* FROM "daily_messages" WHERE "daily_messages"."message" = $1 LIMIT $2[0m  [["message", "å‘¼å¸ã¯å‘½ã®ãƒªã‚ºãƒ ã€‚ä»Šæ—¥ã‚‚ä¸å¯§ã«å‘¼å¸ã—ã¦ã€å¿ƒã‚’æ•´ãˆã¾ã—ã‚‡ã†ã€‚"], ["LIMIT", 1]]
  [1m[36mTRANSACTION (0.0ms)[0m  [1m[35mBEGIN[0m
  [1m[36mDailyMessage Create (10.3ms)[0m  [1m[32mINSERT INTO "daily_messages" ("message", "category", "created_at", "updated_at") VALUES ($1, $2, $3, $4) RETURNING "id"[0m  [["message", "å‘¼å¸ã¯å‘½ã®ãƒªã‚ºãƒ ã€‚ä»Šæ—¥ã‚‚ä¸å¯§ã«å‘¼å¸ã—ã¦ã€å¿ƒã‚’æ•´ãˆã¾ã—ã‚‡ã†ã€‚"], ["category", "ç™’ã—"], ["created_at", "2025-07-02 21:37:06.695472"], ["updated_at", "2025-07-02 21:37:06.695472"]]
  [1m[36mTRANSACTION (0.2ms)[0m  [1m[35mCOMMIT[0m
  [1m[36mDailyMessage Load (0.1ms)[0m  [1m[34mSELECT "daily_messages".* FROM "daily_messages" WHERE "daily_messages"."message" = $1 LIMIT $2[0m  [["message", "æ˜¨æ—¥ã®ã‚ãªãŸã€ãˆã‚‰ã„ï¼ä»Šæ—¥ã‚‚é ‘å¼µã‚‰ãªãã¦OKã€‚"], ["LIMIT", 1]]
  [1m[36mTRANSACTION (0.1ms)[0m  [1m[35mBEGIN[0m
  [1m[36mDailyMessage Create (0.8ms)[0m  [1m[32mINSERT INTO "daily_messages" ("message", "category", "created_at", "updated_at") VALUES ($1, $2, $3, $4) RETURNING "id"[0m  [["message", "æ˜¨æ—¥ã®ã‚ãªãŸã€ãˆã‚‰ã„ï¼ä»Šæ—¥ã‚‚é ‘å¼µã‚‰ãªãã¦OKã€‚"], ["category", "è¤’ã‚"], ["created_at", "2025-07-02 21:37:06.707117"], ["updated_at", "2025-07-02 21:37:06.707117"]]
  [1m[36mTRANSACTION (0.2ms)[0m  [1m[35mCOMMIT[0m
  [1m[36mDailyMessage Load (0.1ms)[0m  [1m[34mSELECT "daily_messages".* FROM "daily_messages" WHERE "daily_messages"."message" = $1 LIMIT $2[0m  [["message", "å¿™ã—ã„æœã«ã€ã¡ã‚‡ã£ã¨ã ã‘è‡ªåˆ†æ™‚é–“ã€‚ã‚ãªãŸã®ãƒšãƒ¼ã‚¹ã§ã€‚"], ["LIMIT", 1]]
  [1m[36mTRANSACTION (0.1ms)[0m  [1m[35mBEGIN[0m
  [1m[36mDailyMessage Create (0.5ms)[0m  [1m[32mINSERT INTO "daily_messages" ("message", "category", "created_at", "updated_at") VALUES ($1, $2, $3, $4) RETURNING "id"[0m  [["message", "å¿™ã—ã„æœã«ã€ã¡ã‚‡ã£ã¨ã ã‘è‡ªåˆ†æ™‚é–“ã€‚ã‚ãªãŸã®ãƒšãƒ¼ã‚¹ã§ã€‚"], ["category", "å„ªã—ã•"], ["created_at", "2025-07-02 21:37:06.708975"], ["updated_at", "2025-07-02 21:37:06.708975"]]
  [1m[36mTRANSACTION (0.2ms)[0m  [1m[35mCOMMIT[0m
  [1m[36mDailyMessage Load (0.1ms)[0m  [1m[34mSELECT "daily_messages".* FROM "daily_messages" WHERE "daily_messages"."message" = $1 LIMIT $2[0m  [["message", "ä½“ãŒå–œã¶ã“ã¨ã‚’ã€ä»Šæ—¥ã‚‚ä¸€ã¤ã€‚å°ã•ãªç©ã¿é‡ã­ãŒå¤§ããªå¤‰åŒ–ã‚’ã€‚"], ["LIMIT", 1]]
  [1m[36mTRANSACTION (0.0ms)[0m  [1m[35mBEGIN[0m
  [1m[36mDailyMessage Create (0.4ms)[0m  [1m[32mINSERT INTO "daily_messages" ("message", "category", "created_at", "updated_at") VALUES ($1, $2, $3, $4) RETURNING "id"[0m  [["message", "ä½“ãŒå–œã¶ã“ã¨ã‚’ã€ä»Šæ—¥ã‚‚ä¸€ã¤ã€‚å°ã•ãªç©ã¿é‡ã­ãŒå¤§ããªå¤‰åŒ–ã‚’ã€‚"], ["category", "æ°—ã¥ã"], ["created_at", "2025-07-02 21:37:06.710804"], ["updated_at", "2025-07-02 21:37:06.710804"]]
  [1m[36mTRANSACTION (0.1ms)[0m  [1m[35mCOMMIT[0m
  [1m[36mDailyMessage Load (0.1ms)[0m  [1m[34mSELECT "daily_messages".* FROM "daily_messages" WHERE "daily_messages"."message" = $1 LIMIT $2[0m  [["message", "æ·±å‘¼å¸ã§ã€æ–°ã—ã„ä¸€æ—¥ã®æ‰‰ã‚’é–‹ã‘ã¾ã—ã‚‡ã†ã€‚"], ["LIMIT", 1]]
  [1m[36mTRANSACTION (0.0ms)[0m  [1m[35mBEGIN[0m
  [1m[36mDailyMessage Create (0.4ms)[0m  [1m[32mINSERT INTO "daily_messages" ("message", "category", "created_at", "updated_at") VALUES ($1, $2, $3, $4) RETURNING "id"[0m  [["message", "æ·±å‘¼å¸ã§ã€æ–°ã—ã„ä¸€æ—¥ã®æ‰‰ã‚’é–‹ã‘ã¾ã—ã‚‡ã†ã€‚"], ["category", "å¸Œæœ›"], ["created_at", "2025-07-02 21:37:06.712358"], ["updated_at", "2025-07-02 21:37:06.712358"]]
  [1m[36mTRANSACTION (0.1ms)[0m  [1m[35mCOMMIT[0m
  [1m[36mDailyMessage Load (0.1ms)[0m  [1m[34mSELECT "daily_messages".* FROM "daily_messages" WHERE "daily_messages"."message" = $1 LIMIT $2[0m  [["message", "ã‚ãªãŸã®ä½“ã¯ã€ã‚ãªãŸã®å‘³æ–¹ã€‚ä»Šæ—¥ã‚‚å¤§åˆ‡ã«æ‰±ã„ã¾ã—ã‚‡ã†ã€‚"], ["LIMIT", 1]]
  [1m[36mTRANSACTION (0.0ms)[0m  [1m[35mBEGIN[0m
  [1m[36mDailyMessage Create (0.4ms)[0m  [1m[32mINSERT INTO "daily_messages" ("message", "category", "created_at", "updated_at") VALUES ($1, $2, $3, $4) RETURNING "id"[0m  [["message", "ã‚ãªãŸã®ä½“ã¯ã€ã‚ãªãŸã®å‘³æ–¹ã€‚ä»Šæ—¥ã‚‚å¤§åˆ‡ã«æ‰±ã„ã¾ã—ã‚‡ã†ã€‚"], ["category", "æ„›"], ["created_at", "2025-07-02 21:37:06.713961"], ["updated_at", "2025-07-02 21:37:06.713961"]]
  [1m[36mTRANSACTION (0.1ms)[0m  [1m[35mCOMMIT[0m
  [1m[36mDailyMessage Load (0.1ms)[0m  [1m[34mSELECT "daily_messages".* FROM "daily_messages" WHERE "daily_messages"."message" = $1 LIMIT $2[0m  [["message", "æœã®å…‰ã¨ä¸€ç·’ã«ã€å¿ƒã‚‚ä½“ã‚‚ç›®è¦šã‚ã•ã›ã¦ã€‚"], ["LIMIT", 1]]
  [1m[36mTRANSACTION (0.0ms)[0m  [1m[35mBEGIN[0m
  [1m[36mDailyMessage Create (0.4ms)[0m  [1m[32mINSERT INTO "daily_messages" ("message", "category", "created_at", "updated_at") VALUES ($1, $2, $3, $4) RETURNING "id"[0m  [["message", "æœã®å…‰ã¨ä¸€ç·’ã«ã€å¿ƒã‚‚ä½“ã‚‚ç›®è¦šã‚ã•ã›ã¦ã€‚"], ["category", "æ´»åŠ›"], ["created_at", "2025-07-02 21:37:06.715480"], ["updated_at", "2025-07-02 21:37:06.715480"]]
  [1m[36mTRANSACTION (0.1ms)[0m  [1m[35mCOMMIT[0m
  [1m[36mDailyMessage Load (0.1ms)[0m  [1m[34mSELECT "daily_messages".* FROM "daily_messages" WHERE "daily_messages"."message" = $1 LIMIT $2[0m  [["message", "ä»Šæ—¥ã‚‚ã€ã‚ãªãŸã‚‰ã—ãã€‚ç„¡ç†ã›ãšã€ã§ã‚‚è«¦ã‚ãšã«ã€‚"], ["LIMIT", 1]]
  [1m[36mTRANSACTION (0.0ms)[0m  [1m[35mBEGIN[0m
  [1m[36mDailyMessage Create (0.4ms)[0m  [1m[32mINSERT INTO "daily_messages" ("message", "category", "created_at", "updated_at") VALUES ($1, $2, $3, $4) RETURNING "id"[0m  [["message", "ä»Šæ—¥ã‚‚ã€ã‚ãªãŸã‚‰ã—ãã€‚ç„¡ç†ã›ãšã€ã§ã‚‚è«¦ã‚ãšã«ã€‚"], ["category", "å¿œæ´"], ["created_at", "2025-07-02 21:37:06.717012"], ["updated_at", "2025-07-02 21:37:06.717012"]]
  [1m[36mTRANSACTION (0.2ms)[0m  [1m[35mCOMMIT[0m
  [1m[36mDailyMessage Load (0.1ms)[0m  [1m[34mSELECT "daily_messages".* FROM "daily_messages" WHERE "daily_messages"."message" = $1 LIMIT $2[0m  [["message", "å‘¼å¸ã«é›†ä¸­ã™ã‚‹æ™‚é–“ã¯ã€è‡ªåˆ†ã¨å‘ãåˆã†æ™‚é–“ã€‚"], ["LIMIT", 1]]
  [1m[36mTRANSACTION (0.1ms)[0m  [1m[35mBEGIN[0m
  [1m[36mDailyMessage Create (0.6ms)[0m  [1m[32mINSERT INTO "daily_messages" ("message", "category", "created_at", "updated_at") VALUES ($1, $2, $3, $4) RETURNING "id"[0m  [["message", "å‘¼å¸ã«é›†ä¸­ã™ã‚‹æ™‚é–“ã¯ã€è‡ªåˆ†ã¨å‘ãåˆã†æ™‚é–“ã€‚"], ["category", "å†…çœ"], ["created_at", "2025-07-02 21:37:06.718382"], ["updated_at", "2025-07-02 21:37:06.718382"]]
  [1m[36mTRANSACTION (0.1ms)[0m  [1m[35mCOMMIT[0m
  [1m[36mDailyMessage Load (0.0ms)[0m  [1m[34mSELECT "daily_messages".* FROM "daily_messages" WHERE "daily_messages"."message" = $1 LIMIT $2[0m  [["message", "å°ã•ãªç¿’æ…£ãŒã€å¤§ããªå¤‰åŒ–ã‚’ç”Ÿã‚€ã€‚ä»Šæ—¥ã‚‚ç¶šã‘ã¾ã—ã‚‡ã†ã€‚"], ["LIMIT", 1]]
  [1m[36mTRANSACTION (0.0ms)[0m  [1m[35mBEGIN[0m
  [1m[36mDailyMessage Create (0.3ms)[0m  [1m[32mINSERT INTO "daily_messages" ("message", "category", "created_at", "updated_at") VALUES ($1, $2, $3, $4) RETURNING "id"[0m  [["message", "å°ã•ãªç¿’æ…£ãŒã€å¤§ããªå¤‰åŒ–ã‚’ç”Ÿã‚€ã€‚ä»Šæ—¥ã‚‚ç¶šã‘ã¾ã—ã‚‡ã†ã€‚"], ["category", "ç¶™ç¶š"], ["created_at", "2025-07-02 21:37:06.719882"], ["updated_at", "2025-07-02 21:37:06.719882"]]
  [1m[36mTRANSACTION (0.1ms)[0m  [1m[35mCOMMIT[0m
  [1m[36mDailyMessage Load (0.1ms)[0m  [1m[34mSELECT "daily_messages".* FROM "daily_messages" WHERE "daily_messages"."message" = $1 LIMIT $2[0m  [["message", "ä½“ã‚’å‹•ã‹ã™ã“ã¨ã¯ã€å¿ƒã‚’å‹•ã‹ã™ã“ã¨ã€‚ä»Šæ—¥ã‚‚è»½ã‚„ã‹ã«ã€‚"], ["LIMIT", 1]]
  [1m[36mTRANSACTION (0.0ms)[0m  [1m[35mBEGIN[0m
  [1m[36mDailyMessage Create (0.4ms)[0m  [1m[32mINSERT INTO "daily_messages" ("message", "category", "created_at", "updated_at") VALUES ($1, $2, $3, $4) RETURNING "id"[0m  [["message", "ä½“ã‚’å‹•ã‹ã™ã“ã¨ã¯ã€å¿ƒã‚’å‹•ã‹ã™ã“ã¨ã€‚ä»Šæ—¥ã‚‚è»½ã‚„ã‹ã«ã€‚"], ["category", "è»½ã‚„ã‹"], ["created_at", "2025-07-02 21:37:06.721199"], ["updated_at", "2025-07-02 21:37:06.721199"]]
  [1m[36mTRANSACTION (0.1ms)[0m  [1m[35mCOMMIT[0m
  [1m[36mDailyMessage Load (0.0ms)[0m  [1m[34mSELECT "daily_messages".* FROM "daily_messages" WHERE "daily_messages"."message" = $1 LIMIT $2[0m  [["message", "æœã®é™å¯‚ã®ä¸­ã§ã€è‡ªåˆ†ã®å£°ã‚’èã„ã¦ã¿ã¦ã€‚"], ["LIMIT", 1]]
  [1m[36mTRANSACTION (0.1ms)[0m  [1m[35mBEGIN[0m
  [1m[36mDailyMessage Create (0.5ms)[0m  [1m[32mINSERT INTO "daily_messages" ("message", "category", "created_at", "updated_at") VALUES ($1, $2, $3, $4) RETURNING "id"[0m  [["message", "æœã®é™å¯‚ã®ä¸­ã§ã€è‡ªåˆ†ã®å£°ã‚’èã„ã¦ã¿ã¦ã€‚"], ["category", "é™å¯‚"], ["created_at", "2025-07-02 21:37:06.722661"], ["updated_at", "2025-07-02 21:37:06.722661"]]
  [1m[36mTRANSACTION (0.1ms)[0m  [1m[35mCOMMIT[0m
  [1m[36mDailyMessage Load (0.1ms)[0m  [1m[34mSELECT "daily_messages".* FROM "daily_messages" WHERE "daily_messages"."message" = $1 LIMIT $2[0m  [["message", "ä»Šæ—¥ã‚‚ã€ã‚ãªãŸã®ãƒšãƒ¼ã‚¹ã§ã€‚ç„¦ã‚‰ãšã€ã§ã‚‚æ­¢ã¾ã‚‰ãšã«ã€‚"], ["LIMIT", 1]]
  [1m[36mTRANSACTION (0.0ms)[0m  [1m[35mBEGIN[0m
  [1m[36mDailyMessage Create (0.5ms)[0m  [1m[32mINSERT INTO "daily_messages" ("message", "category", "created_at", "updated_at") VALUES ($1, $2, $3, $4) RETURNING "id"[0m  [["message", "ä»Šæ—¥ã‚‚ã€ã‚ãªãŸã®ãƒšãƒ¼ã‚¹ã§ã€‚ç„¦ã‚‰ãšã€ã§ã‚‚æ­¢ã¾ã‚‰ãšã«ã€‚"], ["category", "ãƒšãƒ¼ã‚¹"], ["created_at", "2025-07-02 21:37:06.724269"], ["updated_at", "2025-07-02 21:37:06.724269"]]
  [1m[36mTRANSACTION (0.1ms)[0m  [1m[35mCOMMIT[0m
  [1m[36mStretch Count (0.8ms)[0m  [1m[34mSELECT COUNT(*) FROM "stretches"[0m
  [1m[36mBreathingExercise Count (0.1ms)[0m  [1m[34mSELECT COUNT(*) FROM "breathing_exercises"[0m
  [1m[36mDailyMessage Count (0.2ms)[0m  [1m[34mSELECT COUNT(*) FROM "daily_messages"[0m
Started GET "/api/today" for ::1 at 2025-07-03 06:39:40 +0900
  [1m[36mActiveRecord::SchemaMigration Load (1.1ms)[0m  [1m[34mSELECT "schema_migrations"."version" FROM "schema_migrations" ORDER BY "schema_migrations"."version" ASC[0m
Processing by ApiController#today as */*
  [1m[36mStretch Load (0.4ms)[0m  [1m[34mSELECT "stretches".* FROM "stretches"[0m
  â†³ app/controllers/api_controller.rb:42:in `get_todays_stretch'
  [1m[36mBreathingExercise Load (0.4ms)[0m  [1m[34mSELECT "breathing_exercises".* FROM "breathing_exercises"[0m
  â†³ app/controllers/api_controller.rb:47:in `get_todays_breathing'
  [1m[36mDailyMessage Load (0.6ms)[0m  [1m[34mSELECT "daily_messages".* FROM "daily_messages"[0m
  â†³ app/controllers/api_controller.rb:52:in `get_todays_message'
Completed 200 OK in 49ms (Views: 0.2ms | ActiveRecord: 13.5ms | Allocations: 28307)


Started GET "/" for ::1 at 2025-07-03 06:39:51 +0900
Processing by HomeController#index as HTML
  [1m[36mStretch Load (0.3ms)[0m  [1m[34mSELECT "stretches".* FROM "stretches"[0m
  â†³ app/controllers/home_controller.rb:15:in `get_todays_stretch'
  [1m[36mBreathingExercise Load (0.1ms)[0m  [1m[34mSELECT "breathing_exercises".* FROM "breathing_exercises"[0m
  â†³ app/controllers/home_controller.rb:21:in `get_todays_breathing'
  [1m[36mDailyMessage Load (0.1ms)[0m  [1m[34mSELECT "daily_messages".* FROM "daily_messages"[0m
  â†³ app/controllers/home_controller.rb:27:in `get_todays_message'
  Rendering layout layouts/application.html.erb
  Rendering home/index.html.erb within layouts/application
  Rendered home/index.html.erb within layouts/application (Duration: 0.8ms | Allocations: 685)
  Rendered layout layouts/application.html.erb (Duration: 107.2ms | Allocations: 75667)
Completed 200 OK in 131ms (Views: 114.9ms | ActiveRecord: 0.5ms | Allocations: 83551)


